[debug] [2020-09-07T12:38:20.251Z] ----------------------------------------------------------------------
[debug] [2020-09-07T12:38:20.253Z] Command:       /Users/kamakurahideki/.nvm/versions/node/v13.13.0/bin/node /Users/kamakurahideki/.nvm/versions/node/v13.13.0/bin/firebase deploy --only functions:deleteUserAccount
[debug] [2020-09-07T12:38:20.253Z] CLI Version:   8.9.2
[debug] [2020-09-07T12:38:20.253Z] Platform:      darwin
[debug] [2020-09-07T12:38:20.253Z] Node Version:  v13.13.0
[debug] [2020-09-07T12:38:20.254Z] Time:          Mon Sep 07 2020 21:38:20 GMT+0900 (日本標準時)
[debug] [2020-09-07T12:38:20.254Z] ----------------------------------------------------------------------
[debug] [2020-09-07T12:38:20.254Z] 
[debug] [2020-09-07T12:38:20.264Z] > command requires scopes: ["email","openid","https://www.googleapis.com/auth/cloudplatformprojects.readonly","https://www.googleapis.com/auth/firebase","https://www.googleapis.com/auth/cloud-platform"]
[debug] [2020-09-07T12:38:20.264Z] > authorizing via signed-in user
[debug] [2020-09-07T12:38:20.265Z] [iam] checking project my-app-7e83d for permissions ["cloudfunctions.functions.create","cloudfunctions.functions.delete","cloudfunctions.functions.get","cloudfunctions.functions.list","cloudfunctions.functions.update","cloudfunctions.operations.get","firebase.projects.get"]
[debug] [2020-09-07T12:38:20.267Z] >>> HTTP REQUEST POST https://cloudresourcemanager.googleapis.com/v1/projects/my-app-7e83d:testIamPermissions  
 {"permissions":["cloudfunctions.functions.create","cloudfunctions.functions.delete","cloudfunctions.functions.get","cloudfunctions.functions.list","cloudfunctions.functions.update","cloudfunctions.operations.get","firebase.projects.get"]}
[debug] [2020-09-07T12:38:21.164Z] <<< HTTP RESPONSE 200 {"content-type":"application/json; charset=UTF-8","vary":"X-Origin, Referer, Origin,Accept-Encoding","date":"Mon, 07 Sep 2020 12:38:20 GMT","server":"ESF","cache-control":"private","x-xss-protection":"0","x-frame-options":"SAMEORIGIN","x-content-type-options":"nosniff","server-timing":"gfet4t7; dur=640","alt-svc":"h3-29=\":443\"; ma=2592000,h3-27=\":443\"; ma=2592000,h3-T051=\":443\"; ma=2592000,h3-T050=\":443\"; ma=2592000,h3-Q050=\":443\"; ma=2592000,h3-Q046=\":443\"; ma=2592000,h3-Q043=\":443\"; ma=2592000,quic=\":443\"; ma=2592000; v=\"46,43\"","accept-ranges":"none","transfer-encoding":"chunked"}
[debug] [2020-09-07T12:38:21.167Z] >>> HTTP REQUEST POST https://iam.googleapis.com/v1/projects/my-app-7e83d/serviceAccounts/my-app-7e83d@appspot.gserviceaccount.com:testIamPermissions  
 {"permissions":["iam.serviceAccounts.actAs"]}
[debug] [2020-09-07T12:38:22.123Z] <<< HTTP RESPONSE 200 {"content-type":"application/json; charset=UTF-8","vary":"X-Origin, Referer, Origin,Accept-Encoding","date":"Mon, 07 Sep 2020 12:38:22 GMT","server":"ESF","cache-control":"private","x-xss-protection":"0","x-frame-options":"SAMEORIGIN","x-content-type-options":"nosniff","alt-svc":"h3-29=\":443\"; ma=2592000,h3-27=\":443\"; ma=2592000,h3-T051=\":443\"; ma=2592000,h3-T050=\":443\"; ma=2592000,h3-Q050=\":443\"; ma=2592000,h3-Q046=\":443\"; ma=2592000,h3-Q043=\":443\"; ma=2592000,quic=\":443\"; ma=2592000; v=\"46,43\"","accept-ranges":"none","transfer-encoding":"chunked"}
[warn] ⚠  functions: package.json indicates an outdated version of firebase-functions.
Please upgrade using npm install --save firebase-functions@latest in your functions directory. 
[info] 
[info] === Deploying to 'my-app-7e83d'...
[info] 
[info] i  deploying functions 
[info] Running command: npm --prefix "$RESOURCE_DIR" run lint
[info] Running command: npm --prefix "$RESOURCE_DIR" run build
[info] ✔  functions: Finished running predeploy script. 
[debug] [2020-09-07T12:38:33.564Z] > [functions] package.json contents: {
  "name": "functions",
  "scripts": {
    "lint": "tslint --project tsconfig.json",
    "build": "tsc",
    "serve": "npm run build && firebase emulators:start --only functions",
    "shell": "npm run build && firebase functions:shell",
    "start": "npm run shell",
    "deploy": "firebase deploy --only functions",
    "logs": "firebase functions:log"
  },
  "engines": {
    "node": "10"
  },
  "main": "lib/index.js",
  "dependencies": {
    "algoliasearch": "^4.3.0",
    "firebase-admin": "^8.10.0",
    "firebase-functions": "^3.6.0",
    "firebase-tools": "^8.7.0",
    "stripe": "^8.84.0",
    "to": "^0.2.9",
    "update": "^0.7.4"
  },
  "devDependencies": {
    "tslint": "^5.12.0",
    "typescript": "^3.2.2",
    "firebase-functions-test": "^0.2.0"
  },
  "private": true
}
[info] i  functions: ensuring required API cloudfunctions.googleapis.com is enabled... 
[info] i  functions: ensuring required API cloudbuild.googleapis.com is enabled... 
[debug] [2020-09-07T12:38:36.373Z] >>> HTTP REQUEST GET https://serviceusage.googleapis.com/v1/projects/my-app-7e83d/services/cloudfunctions.googleapis.com  
 
[debug] [2020-09-07T12:38:36.374Z] >>> HTTP REQUEST GET https://serviceusage.googleapis.com/v1/projects/my-app-7e83d/services/runtimeconfig.googleapis.com  
 
[debug] [2020-09-07T12:38:36.374Z] >>> HTTP REQUEST GET https://serviceusage.googleapis.com/v1/projects/my-app-7e83d/services/cloudbuild.googleapis.com  
 
[debug] [2020-09-07T12:38:37.429Z] <<< HTTP RESPONSE 200 {"content-type":"application/json; charset=UTF-8","vary":"X-Origin, Referer, Origin,Accept-Encoding","date":"Mon, 07 Sep 2020 12:38:37 GMT","server":"ESF","cache-control":"private","x-xss-protection":"0","x-frame-options":"SAMEORIGIN","x-content-type-options":"nosniff","alt-svc":"h3-29=\":443\"; ma=2592000,h3-27=\":443\"; ma=2592000,h3-T051=\":443\"; ma=2592000,h3-T050=\":443\"; ma=2592000,h3-Q050=\":443\"; ma=2592000,h3-Q046=\":443\"; ma=2592000,h3-Q043=\":443\"; ma=2592000,quic=\":443\"; ma=2592000; v=\"46,43\"","accept-ranges":"none","transfer-encoding":"chunked"}
[debug] [2020-09-07T12:38:37.435Z] <<< HTTP RESPONSE 200 {"content-type":"application/json; charset=UTF-8","vary":"X-Origin, Referer, Origin,Accept-Encoding","date":"Mon, 07 Sep 2020 12:38:37 GMT","server":"ESF","cache-control":"private","x-xss-protection":"0","x-frame-options":"SAMEORIGIN","x-content-type-options":"nosniff","alt-svc":"h3-29=\":443\"; ma=2592000,h3-27=\":443\"; ma=2592000,h3-T051=\":443\"; ma=2592000,h3-T050=\":443\"; ma=2592000,h3-Q050=\":443\"; ma=2592000,h3-Q046=\":443\"; ma=2592000,h3-Q043=\":443\"; ma=2592000,quic=\":443\"; ma=2592000; v=\"46,43\"","accept-ranges":"none","transfer-encoding":"chunked"}
[info] ✔  functions: required API cloudbuild.googleapis.com is enabled 
[debug] [2020-09-07T12:38:37.444Z] <<< HTTP RESPONSE 200 {"content-type":"application/json; charset=UTF-8","vary":"X-Origin, Referer, Origin,Accept-Encoding","date":"Mon, 07 Sep 2020 12:38:37 GMT","server":"ESF","cache-control":"private","x-xss-protection":"0","x-frame-options":"SAMEORIGIN","x-content-type-options":"nosniff","alt-svc":"h3-29=\":443\"; ma=2592000,h3-27=\":443\"; ma=2592000,h3-T051=\":443\"; ma=2592000,h3-T050=\":443\"; ma=2592000,h3-Q050=\":443\"; ma=2592000,h3-Q046=\":443\"; ma=2592000,h3-Q043=\":443\"; ma=2592000,quic=\":443\"; ma=2592000; v=\"46,43\"","accept-ranges":"none","transfer-encoding":"chunked"}
[info] ✔  functions: required API cloudfunctions.googleapis.com is enabled 
[debug] [2020-09-07T12:38:37.445Z] >>> HTTP REQUEST GET https://firebase.googleapis.com/v1beta1/projects/my-app-7e83d/adminSdkConfig  
 
[debug] [2020-09-07T12:38:38.373Z] <<< HTTP RESPONSE 200 {"content-type":"application/json; charset=UTF-8","vary":"X-Origin, Referer, Origin,Accept-Encoding","date":"Mon, 07 Sep 2020 12:38:38 GMT","server":"ESF","cache-control":"private","x-xss-protection":"0","x-frame-options":"SAMEORIGIN","x-content-type-options":"nosniff","alt-svc":"h3-29=\":443\"; ma=2592000,h3-27=\":443\"; ma=2592000,h3-T051=\":443\"; ma=2592000,h3-T050=\":443\"; ma=2592000,h3-Q050=\":443\"; ma=2592000,h3-Q046=\":443\"; ma=2592000,h3-Q043=\":443\"; ma=2592000,quic=\":443\"; ma=2592000; v=\"46,43\"","accept-ranges":"none","transfer-encoding":"chunked"}
[info] i  functions: preparing functions directory for uploading... 
[debug] [2020-09-07T12:38:38.374Z] >>> HTTP REQUEST GET https://runtimeconfig.googleapis.com/v1beta1/projects/my-app-7e83d/configs  
 
[debug] [2020-09-07T12:38:38.862Z] <<< HTTP RESPONSE 200 {"content-type":"application/json; charset=UTF-8","vary":"X-Origin, Referer, Origin,Accept-Encoding","date":"Mon, 07 Sep 2020 12:38:38 GMT","server":"ESF","cache-control":"private","x-xss-protection":"0","x-frame-options":"SAMEORIGIN","x-content-type-options":"nosniff","alt-svc":"h3-29=\":443\"; ma=2592000,h3-27=\":443\"; ma=2592000,h3-T051=\":443\"; ma=2592000,h3-T050=\":443\"; ma=2592000,h3-Q050=\":443\"; ma=2592000,h3-Q046=\":443\"; ma=2592000,h3-Q043=\":443\"; ma=2592000,quic=\":443\"; ma=2592000; v=\"46,43\"","accept-ranges":"none","transfer-encoding":"chunked"}
[debug] [2020-09-07T12:38:38.863Z] >>> HTTP REQUEST GET https://runtimeconfig.googleapis.com/v1beta1/projects/my-app-7e83d/configs/algolia/variables  
 
[debug] [2020-09-07T12:38:38.864Z] >>> HTTP REQUEST GET https://runtimeconfig.googleapis.com/v1beta1/projects/my-app-7e83d/configs/fb/variables  
 
[debug] [2020-09-07T12:38:38.864Z] >>> HTTP REQUEST GET https://runtimeconfig.googleapis.com/v1beta1/projects/my-app-7e83d/configs/stripe/variables  
 
[debug] [2020-09-07T12:38:39.263Z] <<< HTTP RESPONSE 200 {"content-type":"application/json; charset=UTF-8","vary":"X-Origin, Referer, Origin,Accept-Encoding","date":"Mon, 07 Sep 2020 12:38:39 GMT","server":"ESF","cache-control":"private","x-xss-protection":"0","x-frame-options":"SAMEORIGIN","x-content-type-options":"nosniff","alt-svc":"h3-29=\":443\"; ma=2592000,h3-27=\":443\"; ma=2592000,h3-T051=\":443\"; ma=2592000,h3-T050=\":443\"; ma=2592000,h3-Q050=\":443\"; ma=2592000,h3-Q046=\":443\"; ma=2592000,h3-Q043=\":443\"; ma=2592000,quic=\":443\"; ma=2592000; v=\"46,43\"","accept-ranges":"none","transfer-encoding":"chunked"}
[debug] [2020-09-07T12:38:39.265Z] >>> HTTP REQUEST GET https://runtimeconfig.googleapis.com/v1beta1/projects/my-app-7e83d/configs/stripe/variables/tax  
 
[debug] [2020-09-07T12:38:39.265Z] >>> HTTP REQUEST GET https://runtimeconfig.googleapis.com/v1beta1/projects/my-app-7e83d/configs/stripe/variables/secret_key  
 
[debug] [2020-09-07T12:38:39.267Z] <<< HTTP RESPONSE 200 {"content-type":"application/json; charset=UTF-8","vary":"X-Origin, Referer, Origin,Accept-Encoding","date":"Mon, 07 Sep 2020 12:38:39 GMT","server":"ESF","cache-control":"private","x-xss-protection":"0","x-frame-options":"SAMEORIGIN","x-content-type-options":"nosniff","alt-svc":"h3-29=\":443\"; ma=2592000,h3-27=\":443\"; ma=2592000,h3-T051=\":443\"; ma=2592000,h3-T050=\":443\"; ma=2592000,h3-Q050=\":443\"; ma=2592000,h3-Q046=\":443\"; ma=2592000,h3-Q043=\":443\"; ma=2592000,quic=\":443\"; ma=2592000; v=\"46,43\"","accept-ranges":"none","transfer-encoding":"chunked"}
[debug] [2020-09-07T12:38:39.267Z] >>> HTTP REQUEST GET https://runtimeconfig.googleapis.com/v1beta1/projects/my-app-7e83d/configs/fb/variables/token  
 
[debug] [2020-09-07T12:38:39.275Z] <<< HTTP RESPONSE 200 {"content-type":"application/json; charset=UTF-8","vary":"X-Origin, Referer, Origin,Accept-Encoding","date":"Mon, 07 Sep 2020 12:38:39 GMT","server":"ESF","cache-control":"private","x-xss-protection":"0","x-frame-options":"SAMEORIGIN","x-content-type-options":"nosniff","alt-svc":"h3-29=\":443\"; ma=2592000,h3-27=\":443\"; ma=2592000,h3-T051=\":443\"; ma=2592000,h3-T050=\":443\"; ma=2592000,h3-Q050=\":443\"; ma=2592000,h3-Q046=\":443\"; ma=2592000,h3-Q043=\":443\"; ma=2592000,quic=\":443\"; ma=2592000; v=\"46,43\"","accept-ranges":"none","transfer-encoding":"chunked"}
[debug] [2020-09-07T12:38:39.276Z] >>> HTTP REQUEST GET https://runtimeconfig.googleapis.com/v1beta1/projects/my-app-7e83d/configs/algolia/variables/app_id  
 
[debug] [2020-09-07T12:38:39.276Z] >>> HTTP REQUEST GET https://runtimeconfig.googleapis.com/v1beta1/projects/my-app-7e83d/configs/algolia/variables/secret_key  
 
[debug] [2020-09-07T12:38:39.675Z] <<< HTTP RESPONSE 200 {"content-type":"application/json; charset=UTF-8","vary":"X-Origin, Referer, Origin,Accept-Encoding","date":"Mon, 07 Sep 2020 12:38:39 GMT","server":"ESF","cache-control":"private","x-xss-protection":"0","x-frame-options":"SAMEORIGIN","x-content-type-options":"nosniff","alt-svc":"h3-29=\":443\"; ma=2592000,h3-27=\":443\"; ma=2592000,h3-T051=\":443\"; ma=2592000,h3-T050=\":443\"; ma=2592000,h3-Q050=\":443\"; ma=2592000,h3-Q046=\":443\"; ma=2592000,h3-Q043=\":443\"; ma=2592000,quic=\":443\"; ma=2592000; v=\"46,43\"","accept-ranges":"none","transfer-encoding":"chunked"}
[debug] [2020-09-07T12:38:39.678Z] <<< HTTP RESPONSE 200 {"content-type":"application/json; charset=UTF-8","vary":"X-Origin, Referer, Origin,Accept-Encoding","date":"Mon, 07 Sep 2020 12:38:39 GMT","server":"ESF","cache-control":"private","x-xss-protection":"0","x-frame-options":"SAMEORIGIN","x-content-type-options":"nosniff","alt-svc":"h3-29=\":443\"; ma=2592000,h3-27=\":443\"; ma=2592000,h3-T051=\":443\"; ma=2592000,h3-T050=\":443\"; ma=2592000,h3-Q050=\":443\"; ma=2592000,h3-Q046=\":443\"; ma=2592000,h3-Q043=\":443\"; ma=2592000,quic=\":443\"; ma=2592000; v=\"46,43\"","accept-ranges":"none","transfer-encoding":"chunked"}
[debug] [2020-09-07T12:38:39.679Z] <<< HTTP RESPONSE 200 {"content-type":"application/json; charset=UTF-8","vary":"X-Origin, Referer, Origin,Accept-Encoding","date":"Mon, 07 Sep 2020 12:38:39 GMT","server":"ESF","cache-control":"private","x-xss-protection":"0","x-frame-options":"SAMEORIGIN","x-content-type-options":"nosniff","alt-svc":"h3-29=\":443\"; ma=2592000,h3-27=\":443\"; ma=2592000,h3-T051=\":443\"; ma=2592000,h3-T050=\":443\"; ma=2592000,h3-Q050=\":443\"; ma=2592000,h3-Q046=\":443\"; ma=2592000,h3-Q043=\":443\"; ma=2592000,quic=\":443\"; ma=2592000; v=\"46,43\"","accept-ranges":"none","transfer-encoding":"chunked"}
[debug] [2020-09-07T12:38:39.681Z] <<< HTTP RESPONSE 200 {"content-type":"application/json; charset=UTF-8","vary":"X-Origin, Referer, Origin,Accept-Encoding","date":"Mon, 07 Sep 2020 12:38:39 GMT","server":"ESF","cache-control":"private","x-xss-protection":"0","x-frame-options":"SAMEORIGIN","x-content-type-options":"nosniff","alt-svc":"h3-29=\":443\"; ma=2592000,h3-27=\":443\"; ma=2592000,h3-T051=\":443\"; ma=2592000,h3-T050=\":443\"; ma=2592000,h3-Q050=\":443\"; ma=2592000,h3-Q046=\":443\"; ma=2592000,h3-Q043=\":443\"; ma=2592000,quic=\":443\"; ma=2592000; v=\"46,43\"","accept-ranges":"none","transfer-encoding":"chunked"}
[debug] [2020-09-07T12:38:39.682Z] <<< HTTP RESPONSE 200 {"content-type":"application/json; charset=UTF-8","vary":"X-Origin, Referer, Origin,Accept-Encoding","date":"Mon, 07 Sep 2020 12:38:39 GMT","server":"ESF","cache-control":"private","x-xss-protection":"0","x-frame-options":"SAMEORIGIN","x-content-type-options":"nosniff","alt-svc":"h3-29=\":443\"; ma=2592000,h3-27=\":443\"; ma=2592000,h3-T051=\":443\"; ma=2592000,h3-T050=\":443\"; ma=2592000,h3-Q050=\":443\"; ma=2592000,h3-Q046=\":443\"; ma=2592000,h3-Q043=\":443\"; ma=2592000,quic=\":443\"; ma=2592000; v=\"46,43\"","accept-ranges":"none","transfer-encoding":"chunked"}
[info] i  functions: packaged functions (158.07 KB) for uploading 
[debug] [2020-09-07T12:38:41.976Z] >>> HTTP REQUEST GET https://cloudfunctions.googleapis.com/v1/projects/my-app-7e83d/locations/-/functions  
 
[debug] [2020-09-07T12:38:43.076Z] <<< HTTP RESPONSE 200 {"content-type":"application/json; charset=UTF-8","vary":"X-Origin, Referer, Origin,Accept-Encoding","date":"Mon, 07 Sep 2020 12:38:42 GMT","server":"ESF","cache-control":"private","x-xss-protection":"0","x-frame-options":"SAMEORIGIN","x-content-type-options":"nosniff","alt-svc":"h3-29=\":443\"; ma=2592000,h3-27=\":443\"; ma=2592000,h3-T051=\":443\"; ma=2592000,h3-T050=\":443\"; ma=2592000,h3-Q050=\":443\"; ma=2592000,h3-Q046=\":443\"; ma=2592000,h3-Q043=\":443\"; ma=2592000,quic=\":443\"; ma=2592000; v=\"46,43\"","accept-ranges":"none","transfer-encoding":"chunked"}
[debug] [2020-09-07T12:38:43.081Z] >>> HTTP REQUEST POST https://cloudfunctions.googleapis.com/v1/projects/my-app-7e83d/locations/us-central1/functions:generateUploadUrl  
 
[debug] [2020-09-07T12:38:44.284Z] <<< HTTP RESPONSE 200 {"content-type":"application/json; charset=UTF-8","vary":"X-Origin, Referer, Origin,Accept-Encoding","date":"Mon, 07 Sep 2020 12:38:44 GMT","server":"ESF","cache-control":"private","x-xss-protection":"0","x-frame-options":"SAMEORIGIN","x-content-type-options":"nosniff","alt-svc":"h3-29=\":443\"; ma=2592000,h3-27=\":443\"; ma=2592000,h3-T051=\":443\"; ma=2592000,h3-T050=\":443\"; ma=2592000,h3-Q050=\":443\"; ma=2592000,h3-Q046=\":443\"; ma=2592000,h3-Q043=\":443\"; ma=2592000,quic=\":443\"; ma=2592000; v=\"46,43\"","accept-ranges":"none","transfer-encoding":"chunked"}
[debug] [2020-09-07T12:38:44.285Z] >>> HTTP REQUEST PUT https://storage.googleapis.com/gcf-upload-us-central1-f976dd04-460e-48d1-b7ef-d6db122eefc3/1b09f85c-1401-4c77-b65d-c6706be858bd.zip?GoogleAccessId=service-512439211847@gcf-admin-robot.iam.gserviceaccount.com&Expires=1599484123&Signature=Z4zejNcKRi2kVwzxEFN92MDL2iQtCZhxtOqkYShY0%2B47HD%2FGJH0uZK4Beq%2BajtSbbzRPLfg%2FaTBW27U3eTnbeBnrL4VRwglLBeo%2BqupY%2FamVyf9mdpdElP4OX0SfNEv35ePSCXdY2LlIVetKfwZmsoLrQgy703dFKnfbXz6zzDQ%2BVA6IvVGKk5bSq518O3%2FbEduAjHsqehRX2V0K4OOa5RLFdoMILj4zOz0FMpb0JkW2AGZXjtc5OAxLxYuDfzjsKeRflhC8z%2FclThXhLYXU5XJE0hQqBYi8yM0PHWTfrKtkhgN6omhybKrreKNLAJwFJwZaqG0jIgS5XKi7N1%2B6VA%3D%3D  
 <request body omitted>
[debug] [2020-09-07T12:38:44.794Z] <<< HTTP RESPONSE 200 {"x-guploader-uploadid":"ABg5-UyJl3gqmwvxTRLu1PR0JRrcHIfJP2gXWmqlnhEEdA0IURoyLXcn8lMjz0iwuc7poeTlgSsXyicIBsghqTYw3-fHZFNMFg","etag":"\"b13f054b42cd4ff93377a0b41f6da51b\"","x-goog-generation":"1599482324656476","x-goog-metageneration":"1","x-goog-hash":"crc32c=slK3fQ==, md5=sT8FS0LNT/kzd6C0H22lGw==","x-goog-stored-content-length":"161860","x-goog-stored-content-encoding":"identity","vary":"Origin","content-length":"0","date":"Mon, 07 Sep 2020 12:38:44 GMT","server":"UploadServer","content-type":"text/html; charset=UTF-8","alt-svc":"h3-29=\":443\"; ma=2592000,h3-27=\":443\"; ma=2592000,h3-T051=\":443\"; ma=2592000,h3-T050=\":443\"; ma=2592000,h3-Q050=\":443\"; ma=2592000,h3-Q046=\":443\"; ma=2592000,h3-Q043=\":443\"; ma=2592000,quic=\":443\"; ma=2592000; v=\"46,43\""}
[info] ✔  functions: functions folder uploaded successfully 
[debug] [2020-09-07T12:38:44.797Z] > [functions] filtering triggers to: [
  "projects/my-app-7e83d/locations/asia-northeast1/functions/deleteUserAccount"
]
[info] i  functions: current functions in project: addMeal(asia-northeast1), averageCalOfMonth(asia-northeast1), averageCalOfWeek(asia-northeast1), averageCalOfYear(asia-northeast1), averageFatOfMonth(asia-northeast1), averageFatOfWeek(asia-northeast1), averageFatOfYear(asia-northeast1), averageWeightOfMonth(asia-northeast1), averageWeightOfWeek(asia-northeast1), averageWeightOfYear(asia-northeast1), createFood(asia-northeast1), createRecipe(asia-northeast1), createStripeCustomer(asia-northeast1), createStripeSetupIntent(asia-northeast1), createUser(asia-northeast1), deleteFood(asia-northeast1), deleteRecipe(asia-northeast1), deleteSet(asia-northeast1), deleteStripeCustomer(asia-northeast1), deleteStripePaymentMethod(asia-northeast1), deleteUpdatedImage(asia-northeast1), deleteUserAccount(asia-northeast1), donation(asia-northeast1), getPaymentMethods(asia-northeast1), getStripeInvoices(asia-northeast1), payStripePremium(asia-northeast1), removeMeal(asia-northeast1), setStripePaymentMethod(asia-northeast1), updateFood(asia-northeast1), updateRecipe(asia-northeast1) 
[info] i  functions: uploading functions in project: deleteUserAccount(asia-northeast1) 
[info] i  functions: updating Node.js 10 function deleteUserAccount(asia-northeast1)... 
[debug] [2020-09-07T12:38:44.808Z] Trigger is:  {"eventTrigger":{"resource":"projects/my-app-7e83d","eventType":"providers/firebase.auth/eventTypes/user.delete","service":"firebaseauth.googleapis.com"}}
[debug] [2020-09-07T12:38:44.812Z] >>> HTTP REQUEST PATCH https://cloudfunctions.googleapis.com/v1/projects/my-app-7e83d/locations/asia-northeast1/functions/deleteUserAccount {"updateMask":"sourceUploadUrl,name,labels,runtime,availableMemoryMb,timeout,environmentVariables,eventTrigger.resource,eventTrigger.eventType,eventTrigger.service,eventTrigger.failurePolicy"} 
 {"sourceUploadUrl":"https://storage.googleapis.com/gcf-upload-us-central1-f976dd04-460e-48d1-b7ef-d6db122eefc3/1b09f85c-1401-4c77-b65d-c6706be858bd.zip?GoogleAccessId=service-512439211847@gcf-admin-robot.iam.gserviceaccount.com&Expires=1599484123&Signature=Z4zejNcKRi2kVwzxEFN92MDL2iQtCZhxtOqkYShY0%2B47HD%2FGJH0uZK4Beq%2BajtSbbzRPLfg%2FaTBW27U3eTnbeBnrL4VRwglLBeo%2BqupY%2FamVyf9mdpdElP4OX0SfNEv35ePSCXdY2LlIVetKfwZmsoLrQgy703dFKnfbXz6zzDQ%2BVA6IvVGKk5bSq518O3%2FbEduAjHsqehRX2V0K4OOa5RLFdoMILj4zOz0FMpb0JkW2AGZXjtc5OAxLxYuDfzjsKeRflhC8z%2FclThXhLYXU5XJE0hQqBYi8yM0PHWTfrKtkhgN6omhybKrreKNLAJwFJwZaqG0jIgS5XKi7N1%2B6VA%3D%3D","name":"projects/my-app-7e83d/locations/asia-northeast1/functions/deleteUserAccount","labels":{"deployment-tool":"cli-firebase"},"eventTrigger":{"resource":"projects/my-app-7e83d","eventType":"providers/firebase.auth/eventTypes/user.delete","service":"firebaseauth.googleapis.com"},"runtime":"nodejs10","availableMemoryMb":2048,"timeout":"540s","environmentVariables":{"FIREBASE_CONFIG":"{\"projectId\":\"my-app-7e83d\",\"databaseURL\":\"https://my-app-7e83d.firebaseio.com\",\"storageBucket\":\"my-app-7e83d.appspot.com\",\"locationId\":\"asia-northeast1\"}"}}
[debug] [2020-09-07T12:38:45.473Z] <<< HTTP RESPONSE 200 {"content-type":"application/json; charset=UTF-8","vary":"X-Origin, Referer, Origin,Accept-Encoding","date":"Mon, 07 Sep 2020 12:38:45 GMT","server":"ESF","cache-control":"private","x-xss-protection":"0","x-frame-options":"SAMEORIGIN","x-content-type-options":"nosniff","alt-svc":"h3-29=\":443\"; ma=2592000,h3-27=\":443\"; ma=2592000,h3-T051=\":443\"; ma=2592000,h3-T050=\":443\"; ma=2592000,h3-Q050=\":443\"; ma=2592000,h3-Q046=\":443\"; ma=2592000,h3-Q043=\":443\"; ma=2592000,quic=\":443\"; ma=2592000; v=\"46,43\"","accept-ranges":"none","transfer-encoding":"chunked"}
[debug] [2020-09-07T12:38:45.478Z] >>> HTTP REQUEST GET https://cloudfunctions.googleapis.com/v1/operations/bXktYXBwLTdlODNkL2FzaWEtbm9ydGhlYXN0MS9kZWxldGVVc2VyQWNjb3VudC9ieUtNc2Y4S3R1RQ  
 
[debug] [2020-09-07T12:38:45.698Z] <<< HTTP RESPONSE 200 {"content-type":"application/json; charset=UTF-8","vary":"X-Origin, Referer, Origin,Accept-Encoding","date":"Mon, 07 Sep 2020 12:38:45 GMT","server":"ESF","cache-control":"private","x-xss-protection":"0","x-frame-options":"SAMEORIGIN","x-content-type-options":"nosniff","alt-svc":"h3-29=\":443\"; ma=2592000,h3-27=\":443\"; ma=2592000,h3-T051=\":443\"; ma=2592000,h3-T050=\":443\"; ma=2592000,h3-Q050=\":443\"; ma=2592000,h3-Q046=\":443\"; ma=2592000,h3-Q043=\":443\"; ma=2592000,quic=\":443\"; ma=2592000; v=\"46,43\"","accept-ranges":"none","transfer-encoding":"chunked"}
[debug] [2020-09-07T12:38:47.703Z] >>> HTTP REQUEST GET https://cloudfunctions.googleapis.com/v1/operations/bXktYXBwLTdlODNkL2FzaWEtbm9ydGhlYXN0MS9kZWxldGVVc2VyQWNjb3VudC9ieUtNc2Y4S3R1RQ  
 
[debug] [2020-09-07T12:38:47.934Z] <<< HTTP RESPONSE 200 {"content-type":"application/json; charset=UTF-8","vary":"X-Origin, Referer, Origin,Accept-Encoding","date":"Mon, 07 Sep 2020 12:38:47 GMT","server":"ESF","cache-control":"private","x-xss-protection":"0","x-frame-options":"SAMEORIGIN","x-content-type-options":"nosniff","alt-svc":"h3-29=\":443\"; ma=2592000,h3-27=\":443\"; ma=2592000,h3-T051=\":443\"; ma=2592000,h3-T050=\":443\"; ma=2592000,h3-Q050=\":443\"; ma=2592000,h3-Q046=\":443\"; ma=2592000,h3-Q043=\":443\"; ma=2592000,quic=\":443\"; ma=2592000; v=\"46,43\"","accept-ranges":"none","transfer-encoding":"chunked"}
[debug] [2020-09-07T12:38:49.940Z] >>> HTTP REQUEST GET https://cloudfunctions.googleapis.com/v1/operations/bXktYXBwLTdlODNkL2FzaWEtbm9ydGhlYXN0MS9kZWxldGVVc2VyQWNjb3VudC9ieUtNc2Y4S3R1RQ  
 
[debug] [2020-09-07T12:38:50.180Z] <<< HTTP RESPONSE 200 {"content-type":"application/json; charset=UTF-8","vary":"X-Origin, Referer, Origin,Accept-Encoding","date":"Mon, 07 Sep 2020 12:38:50 GMT","server":"ESF","cache-control":"private","x-xss-protection":"0","x-frame-options":"SAMEORIGIN","x-content-type-options":"nosniff","alt-svc":"h3-29=\":443\"; ma=2592000,h3-27=\":443\"; ma=2592000,h3-T051=\":443\"; ma=2592000,h3-T050=\":443\"; ma=2592000,h3-Q050=\":443\"; ma=2592000,h3-Q046=\":443\"; ma=2592000,h3-Q043=\":443\"; ma=2592000,quic=\":443\"; ma=2592000; v=\"46,43\"","accept-ranges":"none","transfer-encoding":"chunked"}
[debug] [2020-09-07T12:38:52.182Z] >>> HTTP REQUEST GET https://cloudfunctions.googleapis.com/v1/operations/bXktYXBwLTdlODNkL2FzaWEtbm9ydGhlYXN0MS9kZWxldGVVc2VyQWNjb3VudC9ieUtNc2Y4S3R1RQ  
 
[debug] [2020-09-07T12:38:52.413Z] <<< HTTP RESPONSE 200 {"content-type":"application/json; charset=UTF-8","vary":"X-Origin, Referer, Origin,Accept-Encoding","date":"Mon, 07 Sep 2020 12:38:52 GMT","server":"ESF","cache-control":"private","x-xss-protection":"0","x-frame-options":"SAMEORIGIN","x-content-type-options":"nosniff","alt-svc":"h3-29=\":443\"; ma=2592000,h3-27=\":443\"; ma=2592000,h3-T051=\":443\"; ma=2592000,h3-T050=\":443\"; ma=2592000,h3-Q050=\":443\"; ma=2592000,h3-Q046=\":443\"; ma=2592000,h3-Q043=\":443\"; ma=2592000,quic=\":443\"; ma=2592000; v=\"46,43\"","accept-ranges":"none","transfer-encoding":"chunked"}
[debug] [2020-09-07T12:38:54.416Z] >>> HTTP REQUEST GET https://cloudfunctions.googleapis.com/v1/operations/bXktYXBwLTdlODNkL2FzaWEtbm9ydGhlYXN0MS9kZWxldGVVc2VyQWNjb3VudC9ieUtNc2Y4S3R1RQ  
 
[debug] [2020-09-07T12:38:54.642Z] <<< HTTP RESPONSE 200 {"content-type":"application/json; charset=UTF-8","vary":"X-Origin, Referer, Origin,Accept-Encoding","date":"Mon, 07 Sep 2020 12:38:54 GMT","server":"ESF","cache-control":"private","x-xss-protection":"0","x-frame-options":"SAMEORIGIN","x-content-type-options":"nosniff","alt-svc":"h3-29=\":443\"; ma=2592000,h3-27=\":443\"; ma=2592000,h3-T051=\":443\"; ma=2592000,h3-T050=\":443\"; ma=2592000,h3-Q050=\":443\"; ma=2592000,h3-Q046=\":443\"; ma=2592000,h3-Q043=\":443\"; ma=2592000,quic=\":443\"; ma=2592000; v=\"46,43\"","accept-ranges":"none","transfer-encoding":"chunked"}
[debug] [2020-09-07T12:38:56.646Z] >>> HTTP REQUEST GET https://cloudfunctions.googleapis.com/v1/operations/bXktYXBwLTdlODNkL2FzaWEtbm9ydGhlYXN0MS9kZWxldGVVc2VyQWNjb3VudC9ieUtNc2Y4S3R1RQ  
 
[debug] [2020-09-07T12:38:56.869Z] <<< HTTP RESPONSE 200 {"content-type":"application/json; charset=UTF-8","vary":"X-Origin, Referer, Origin,Accept-Encoding","date":"Mon, 07 Sep 2020 12:38:56 GMT","server":"ESF","cache-control":"private","x-xss-protection":"0","x-frame-options":"SAMEORIGIN","x-content-type-options":"nosniff","alt-svc":"h3-29=\":443\"; ma=2592000,h3-27=\":443\"; ma=2592000,h3-T051=\":443\"; ma=2592000,h3-T050=\":443\"; ma=2592000,h3-Q050=\":443\"; ma=2592000,h3-Q046=\":443\"; ma=2592000,h3-Q043=\":443\"; ma=2592000,quic=\":443\"; ma=2592000; v=\"46,43\"","accept-ranges":"none","transfer-encoding":"chunked"}
[debug] [2020-09-07T12:38:58.872Z] >>> HTTP REQUEST GET https://cloudfunctions.googleapis.com/v1/operations/bXktYXBwLTdlODNkL2FzaWEtbm9ydGhlYXN0MS9kZWxldGVVc2VyQWNjb3VudC9ieUtNc2Y4S3R1RQ  
 
[debug] [2020-09-07T12:38:59.120Z] <<< HTTP RESPONSE 200 {"content-type":"application/json; charset=UTF-8","vary":"X-Origin, Referer, Origin,Accept-Encoding","date":"Mon, 07 Sep 2020 12:38:59 GMT","server":"ESF","cache-control":"private","x-xss-protection":"0","x-frame-options":"SAMEORIGIN","x-content-type-options":"nosniff","alt-svc":"h3-29=\":443\"; ma=2592000,h3-27=\":443\"; ma=2592000,h3-T051=\":443\"; ma=2592000,h3-T050=\":443\"; ma=2592000,h3-Q050=\":443\"; ma=2592000,h3-Q046=\":443\"; ma=2592000,h3-Q043=\":443\"; ma=2592000,quic=\":443\"; ma=2592000; v=\"46,43\"","accept-ranges":"none","transfer-encoding":"chunked"}
[debug] [2020-09-07T12:39:01.124Z] >>> HTTP REQUEST GET https://cloudfunctions.googleapis.com/v1/operations/bXktYXBwLTdlODNkL2FzaWEtbm9ydGhlYXN0MS9kZWxldGVVc2VyQWNjb3VudC9ieUtNc2Y4S3R1RQ  
 
[debug] [2020-09-07T12:39:01.363Z] <<< HTTP RESPONSE 200 {"content-type":"application/json; charset=UTF-8","vary":"X-Origin, Referer, Origin,Accept-Encoding","date":"Mon, 07 Sep 2020 12:39:01 GMT","server":"ESF","cache-control":"private","x-xss-protection":"0","x-frame-options":"SAMEORIGIN","x-content-type-options":"nosniff","alt-svc":"h3-29=\":443\"; ma=2592000,h3-27=\":443\"; ma=2592000,h3-T051=\":443\"; ma=2592000,h3-T050=\":443\"; ma=2592000,h3-Q050=\":443\"; ma=2592000,h3-Q046=\":443\"; ma=2592000,h3-Q043=\":443\"; ma=2592000,quic=\":443\"; ma=2592000; v=\"46,43\"","accept-ranges":"none","transfer-encoding":"chunked"}
[debug] [2020-09-07T12:39:03.372Z] >>> HTTP REQUEST GET https://cloudfunctions.googleapis.com/v1/operations/bXktYXBwLTdlODNkL2FzaWEtbm9ydGhlYXN0MS9kZWxldGVVc2VyQWNjb3VudC9ieUtNc2Y4S3R1RQ  
 
[debug] [2020-09-07T12:39:03.592Z] <<< HTTP RESPONSE 200 {"content-type":"application/json; charset=UTF-8","vary":"X-Origin, Referer, Origin,Accept-Encoding","date":"Mon, 07 Sep 2020 12:39:03 GMT","server":"ESF","cache-control":"private","x-xss-protection":"0","x-frame-options":"SAMEORIGIN","x-content-type-options":"nosniff","alt-svc":"h3-29=\":443\"; ma=2592000,h3-27=\":443\"; ma=2592000,h3-T051=\":443\"; ma=2592000,h3-T050=\":443\"; ma=2592000,h3-Q050=\":443\"; ma=2592000,h3-Q046=\":443\"; ma=2592000,h3-Q043=\":443\"; ma=2592000,quic=\":443\"; ma=2592000; v=\"46,43\"","accept-ranges":"none","transfer-encoding":"chunked"}
[debug] [2020-09-07T12:39:05.596Z] >>> HTTP REQUEST GET https://cloudfunctions.googleapis.com/v1/operations/bXktYXBwLTdlODNkL2FzaWEtbm9ydGhlYXN0MS9kZWxldGVVc2VyQWNjb3VudC9ieUtNc2Y4S3R1RQ  
 
[debug] [2020-09-07T12:39:05.857Z] <<< HTTP RESPONSE 200 {"content-type":"application/json; charset=UTF-8","vary":"X-Origin, Referer, Origin,Accept-Encoding","date":"Mon, 07 Sep 2020 12:39:05 GMT","server":"ESF","cache-control":"private","x-xss-protection":"0","x-frame-options":"SAMEORIGIN","x-content-type-options":"nosniff","alt-svc":"h3-29=\":443\"; ma=2592000,h3-27=\":443\"; ma=2592000,h3-T051=\":443\"; ma=2592000,h3-T050=\":443\"; ma=2592000,h3-Q050=\":443\"; ma=2592000,h3-Q046=\":443\"; ma=2592000,h3-Q043=\":443\"; ma=2592000,quic=\":443\"; ma=2592000; v=\"46,43\"","accept-ranges":"none","transfer-encoding":"chunked"}
[debug] [2020-09-07T12:39:07.863Z] >>> HTTP REQUEST GET https://cloudfunctions.googleapis.com/v1/operations/bXktYXBwLTdlODNkL2FzaWEtbm9ydGhlYXN0MS9kZWxldGVVc2VyQWNjb3VudC9ieUtNc2Y4S3R1RQ  
 
[debug] [2020-09-07T12:39:08.087Z] <<< HTTP RESPONSE 200 {"content-type":"application/json; charset=UTF-8","vary":"X-Origin, Referer, Origin,Accept-Encoding","date":"Mon, 07 Sep 2020 12:39:08 GMT","server":"ESF","cache-control":"private","x-xss-protection":"0","x-frame-options":"SAMEORIGIN","x-content-type-options":"nosniff","alt-svc":"h3-29=\":443\"; ma=2592000,h3-27=\":443\"; ma=2592000,h3-T051=\":443\"; ma=2592000,h3-T050=\":443\"; ma=2592000,h3-Q050=\":443\"; ma=2592000,h3-Q046=\":443\"; ma=2592000,h3-Q043=\":443\"; ma=2592000,quic=\":443\"; ma=2592000; v=\"46,43\"","accept-ranges":"none","transfer-encoding":"chunked"}
[debug] [2020-09-07T12:39:10.093Z] >>> HTTP REQUEST GET https://cloudfunctions.googleapis.com/v1/operations/bXktYXBwLTdlODNkL2FzaWEtbm9ydGhlYXN0MS9kZWxldGVVc2VyQWNjb3VudC9ieUtNc2Y4S3R1RQ  
 
[debug] [2020-09-07T12:39:10.314Z] <<< HTTP RESPONSE 200 {"content-type":"application/json; charset=UTF-8","vary":"X-Origin, Referer, Origin,Accept-Encoding","date":"Mon, 07 Sep 2020 12:39:10 GMT","server":"ESF","cache-control":"private","x-xss-protection":"0","x-frame-options":"SAMEORIGIN","x-content-type-options":"nosniff","alt-svc":"h3-29=\":443\"; ma=2592000,h3-27=\":443\"; ma=2592000,h3-T051=\":443\"; ma=2592000,h3-T050=\":443\"; ma=2592000,h3-Q050=\":443\"; ma=2592000,h3-Q046=\":443\"; ma=2592000,h3-Q043=\":443\"; ma=2592000,quic=\":443\"; ma=2592000; v=\"46,43\"","accept-ranges":"none","transfer-encoding":"chunked"}
[debug] [2020-09-07T12:39:12.318Z] >>> HTTP REQUEST GET https://cloudfunctions.googleapis.com/v1/operations/bXktYXBwLTdlODNkL2FzaWEtbm9ydGhlYXN0MS9kZWxldGVVc2VyQWNjb3VudC9ieUtNc2Y4S3R1RQ  
 
[debug] [2020-09-07T12:39:12.553Z] <<< HTTP RESPONSE 200 {"content-type":"application/json; charset=UTF-8","vary":"X-Origin, Referer, Origin,Accept-Encoding","date":"Mon, 07 Sep 2020 12:39:12 GMT","server":"ESF","cache-control":"private","x-xss-protection":"0","x-frame-options":"SAMEORIGIN","x-content-type-options":"nosniff","alt-svc":"h3-29=\":443\"; ma=2592000,h3-27=\":443\"; ma=2592000,h3-T051=\":443\"; ma=2592000,h3-T050=\":443\"; ma=2592000,h3-Q050=\":443\"; ma=2592000,h3-Q046=\":443\"; ma=2592000,h3-Q043=\":443\"; ma=2592000,quic=\":443\"; ma=2592000; v=\"46,43\"","accept-ranges":"none","transfer-encoding":"chunked"}
[debug] [2020-09-07T12:39:14.557Z] >>> HTTP REQUEST GET https://cloudfunctions.googleapis.com/v1/operations/bXktYXBwLTdlODNkL2FzaWEtbm9ydGhlYXN0MS9kZWxldGVVc2VyQWNjb3VudC9ieUtNc2Y4S3R1RQ  
 
[debug] [2020-09-07T12:39:14.778Z] <<< HTTP RESPONSE 200 {"content-type":"application/json; charset=UTF-8","vary":"X-Origin, Referer, Origin,Accept-Encoding","date":"Mon, 07 Sep 2020 12:39:14 GMT","server":"ESF","cache-control":"private","x-xss-protection":"0","x-frame-options":"SAMEORIGIN","x-content-type-options":"nosniff","alt-svc":"h3-29=\":443\"; ma=2592000,h3-27=\":443\"; ma=2592000,h3-T051=\":443\"; ma=2592000,h3-T050=\":443\"; ma=2592000,h3-Q050=\":443\"; ma=2592000,h3-Q046=\":443\"; ma=2592000,h3-Q043=\":443\"; ma=2592000,quic=\":443\"; ma=2592000; v=\"46,43\"","accept-ranges":"none","transfer-encoding":"chunked"}
[debug] [2020-09-07T12:39:16.780Z] >>> HTTP REQUEST GET https://cloudfunctions.googleapis.com/v1/operations/bXktYXBwLTdlODNkL2FzaWEtbm9ydGhlYXN0MS9kZWxldGVVc2VyQWNjb3VudC9ieUtNc2Y4S3R1RQ  
 
[debug] [2020-09-07T12:39:16.986Z] <<< HTTP RESPONSE 200 {"content-type":"application/json; charset=UTF-8","vary":"X-Origin, Referer, Origin,Accept-Encoding","date":"Mon, 07 Sep 2020 12:39:16 GMT","server":"ESF","cache-control":"private","x-xss-protection":"0","x-frame-options":"SAMEORIGIN","x-content-type-options":"nosniff","alt-svc":"h3-29=\":443\"; ma=2592000,h3-27=\":443\"; ma=2592000,h3-T051=\":443\"; ma=2592000,h3-T050=\":443\"; ma=2592000,h3-Q050=\":443\"; ma=2592000,h3-Q046=\":443\"; ma=2592000,h3-Q043=\":443\"; ma=2592000,quic=\":443\"; ma=2592000; v=\"46,43\"","accept-ranges":"none","transfer-encoding":"chunked"}
[debug] [2020-09-07T12:39:18.992Z] >>> HTTP REQUEST GET https://cloudfunctions.googleapis.com/v1/operations/bXktYXBwLTdlODNkL2FzaWEtbm9ydGhlYXN0MS9kZWxldGVVc2VyQWNjb3VudC9ieUtNc2Y4S3R1RQ  
 
[debug] [2020-09-07T12:39:19.218Z] <<< HTTP RESPONSE 200 {"content-type":"application/json; charset=UTF-8","vary":"X-Origin, Referer, Origin,Accept-Encoding","date":"Mon, 07 Sep 2020 12:39:19 GMT","server":"ESF","cache-control":"private","x-xss-protection":"0","x-frame-options":"SAMEORIGIN","x-content-type-options":"nosniff","alt-svc":"h3-29=\":443\"; ma=2592000,h3-27=\":443\"; ma=2592000,h3-T051=\":443\"; ma=2592000,h3-T050=\":443\"; ma=2592000,h3-Q050=\":443\"; ma=2592000,h3-Q046=\":443\"; ma=2592000,h3-Q043=\":443\"; ma=2592000,quic=\":443\"; ma=2592000; v=\"46,43\"","accept-ranges":"none","transfer-encoding":"chunked"}
[debug] [2020-09-07T12:39:21.226Z] >>> HTTP REQUEST GET https://cloudfunctions.googleapis.com/v1/operations/bXktYXBwLTdlODNkL2FzaWEtbm9ydGhlYXN0MS9kZWxldGVVc2VyQWNjb3VudC9ieUtNc2Y4S3R1RQ  
 
[debug] [2020-09-07T12:39:21.446Z] <<< HTTP RESPONSE 200 {"content-type":"application/json; charset=UTF-8","vary":"X-Origin, Referer, Origin,Accept-Encoding","date":"Mon, 07 Sep 2020 12:39:21 GMT","server":"ESF","cache-control":"private","x-xss-protection":"0","x-frame-options":"SAMEORIGIN","x-content-type-options":"nosniff","alt-svc":"h3-29=\":443\"; ma=2592000,h3-27=\":443\"; ma=2592000,h3-T051=\":443\"; ma=2592000,h3-T050=\":443\"; ma=2592000,h3-Q050=\":443\"; ma=2592000,h3-Q046=\":443\"; ma=2592000,h3-Q043=\":443\"; ma=2592000,quic=\":443\"; ma=2592000; v=\"46,43\"","accept-ranges":"none","transfer-encoding":"chunked"}
[debug] [2020-09-07T12:39:23.451Z] >>> HTTP REQUEST GET https://cloudfunctions.googleapis.com/v1/operations/bXktYXBwLTdlODNkL2FzaWEtbm9ydGhlYXN0MS9kZWxldGVVc2VyQWNjb3VudC9ieUtNc2Y4S3R1RQ  
 
[debug] [2020-09-07T12:39:23.658Z] <<< HTTP RESPONSE 200 {"content-type":"application/json; charset=UTF-8","vary":"X-Origin, Referer, Origin,Accept-Encoding","date":"Mon, 07 Sep 2020 12:39:23 GMT","server":"ESF","cache-control":"private","x-xss-protection":"0","x-frame-options":"SAMEORIGIN","x-content-type-options":"nosniff","alt-svc":"h3-29=\":443\"; ma=2592000,h3-27=\":443\"; ma=2592000,h3-T051=\":443\"; ma=2592000,h3-T050=\":443\"; ma=2592000,h3-Q050=\":443\"; ma=2592000,h3-Q046=\":443\"; ma=2592000,h3-Q043=\":443\"; ma=2592000,quic=\":443\"; ma=2592000; v=\"46,43\"","accept-ranges":"none","transfer-encoding":"chunked"}
[debug] [2020-09-07T12:39:25.662Z] >>> HTTP REQUEST GET https://cloudfunctions.googleapis.com/v1/operations/bXktYXBwLTdlODNkL2FzaWEtbm9ydGhlYXN0MS9kZWxldGVVc2VyQWNjb3VudC9ieUtNc2Y4S3R1RQ  
 
[debug] [2020-09-07T12:39:25.885Z] <<< HTTP RESPONSE 200 {"content-type":"application/json; charset=UTF-8","vary":"X-Origin, Referer, Origin,Accept-Encoding","date":"Mon, 07 Sep 2020 12:39:25 GMT","server":"ESF","cache-control":"private","x-xss-protection":"0","x-frame-options":"SAMEORIGIN","x-content-type-options":"nosniff","alt-svc":"h3-29=\":443\"; ma=2592000,h3-27=\":443\"; ma=2592000,h3-T051=\":443\"; ma=2592000,h3-T050=\":443\"; ma=2592000,h3-Q050=\":443\"; ma=2592000,h3-Q046=\":443\"; ma=2592000,h3-Q043=\":443\"; ma=2592000,quic=\":443\"; ma=2592000; v=\"46,43\"","accept-ranges":"none","transfer-encoding":"chunked"}
[debug] [2020-09-07T12:39:27.889Z] >>> HTTP REQUEST GET https://cloudfunctions.googleapis.com/v1/operations/bXktYXBwLTdlODNkL2FzaWEtbm9ydGhlYXN0MS9kZWxldGVVc2VyQWNjb3VudC9ieUtNc2Y4S3R1RQ  
 
[debug] [2020-09-07T12:39:28.111Z] <<< HTTP RESPONSE 200 {"content-type":"application/json; charset=UTF-8","vary":"X-Origin, Referer, Origin,Accept-Encoding","date":"Mon, 07 Sep 2020 12:39:28 GMT","server":"ESF","cache-control":"private","x-xss-protection":"0","x-frame-options":"SAMEORIGIN","x-content-type-options":"nosniff","alt-svc":"h3-29=\":443\"; ma=2592000,h3-27=\":443\"; ma=2592000,h3-T051=\":443\"; ma=2592000,h3-T050=\":443\"; ma=2592000,h3-Q050=\":443\"; ma=2592000,h3-Q046=\":443\"; ma=2592000,h3-Q043=\":443\"; ma=2592000,quic=\":443\"; ma=2592000; v=\"46,43\"","accept-ranges":"none","transfer-encoding":"chunked"}
[debug] [2020-09-07T12:39:30.116Z] >>> HTTP REQUEST GET https://cloudfunctions.googleapis.com/v1/operations/bXktYXBwLTdlODNkL2FzaWEtbm9ydGhlYXN0MS9kZWxldGVVc2VyQWNjb3VudC9ieUtNc2Y4S3R1RQ  
 
[debug] [2020-09-07T12:39:30.349Z] <<< HTTP RESPONSE 200 {"content-type":"application/json; charset=UTF-8","vary":"X-Origin, Referer, Origin,Accept-Encoding","date":"Mon, 07 Sep 2020 12:39:30 GMT","server":"ESF","cache-control":"private","x-xss-protection":"0","x-frame-options":"SAMEORIGIN","x-content-type-options":"nosniff","alt-svc":"h3-29=\":443\"; ma=2592000,h3-27=\":443\"; ma=2592000,h3-T051=\":443\"; ma=2592000,h3-T050=\":443\"; ma=2592000,h3-Q050=\":443\"; ma=2592000,h3-Q046=\":443\"; ma=2592000,h3-Q043=\":443\"; ma=2592000,quic=\":443\"; ma=2592000; v=\"46,43\"","accept-ranges":"none","transfer-encoding":"chunked"}
[debug] [2020-09-07T12:39:32.351Z] >>> HTTP REQUEST GET https://cloudfunctions.googleapis.com/v1/operations/bXktYXBwLTdlODNkL2FzaWEtbm9ydGhlYXN0MS9kZWxldGVVc2VyQWNjb3VudC9ieUtNc2Y4S3R1RQ  
 
[debug] [2020-09-07T12:39:32.584Z] <<< HTTP RESPONSE 200 {"content-type":"application/json; charset=UTF-8","vary":"X-Origin, Referer, Origin,Accept-Encoding","date":"Mon, 07 Sep 2020 12:39:32 GMT","server":"ESF","cache-control":"private","x-xss-protection":"0","x-frame-options":"SAMEORIGIN","x-content-type-options":"nosniff","alt-svc":"h3-29=\":443\"; ma=2592000,h3-27=\":443\"; ma=2592000,h3-T051=\":443\"; ma=2592000,h3-T050=\":443\"; ma=2592000,h3-Q050=\":443\"; ma=2592000,h3-Q046=\":443\"; ma=2592000,h3-Q043=\":443\"; ma=2592000,quic=\":443\"; ma=2592000; v=\"46,43\"","accept-ranges":"none","transfer-encoding":"chunked"}
[debug] [2020-09-07T12:39:34.589Z] >>> HTTP REQUEST GET https://cloudfunctions.googleapis.com/v1/operations/bXktYXBwLTdlODNkL2FzaWEtbm9ydGhlYXN0MS9kZWxldGVVc2VyQWNjb3VudC9ieUtNc2Y4S3R1RQ  
 
[debug] [2020-09-07T12:39:34.831Z] <<< HTTP RESPONSE 200 {"content-type":"application/json; charset=UTF-8","vary":"X-Origin, Referer, Origin,Accept-Encoding","date":"Mon, 07 Sep 2020 12:39:34 GMT","server":"ESF","cache-control":"private","x-xss-protection":"0","x-frame-options":"SAMEORIGIN","x-content-type-options":"nosniff","alt-svc":"h3-29=\":443\"; ma=2592000,h3-27=\":443\"; ma=2592000,h3-T051=\":443\"; ma=2592000,h3-T050=\":443\"; ma=2592000,h3-Q050=\":443\"; ma=2592000,h3-Q046=\":443\"; ma=2592000,h3-Q043=\":443\"; ma=2592000,quic=\":443\"; ma=2592000; v=\"46,43\"","accept-ranges":"none","transfer-encoding":"chunked"}
[debug] [2020-09-07T12:39:36.836Z] >>> HTTP REQUEST GET https://cloudfunctions.googleapis.com/v1/operations/bXktYXBwLTdlODNkL2FzaWEtbm9ydGhlYXN0MS9kZWxldGVVc2VyQWNjb3VudC9ieUtNc2Y4S3R1RQ  
 
[debug] [2020-09-07T12:39:37.055Z] <<< HTTP RESPONSE 200 {"content-type":"application/json; charset=UTF-8","vary":"X-Origin, Referer, Origin,Accept-Encoding","date":"Mon, 07 Sep 2020 12:39:37 GMT","server":"ESF","cache-control":"private","x-xss-protection":"0","x-frame-options":"SAMEORIGIN","x-content-type-options":"nosniff","alt-svc":"h3-29=\":443\"; ma=2592000,h3-27=\":443\"; ma=2592000,h3-T051=\":443\"; ma=2592000,h3-T050=\":443\"; ma=2592000,h3-Q050=\":443\"; ma=2592000,h3-Q046=\":443\"; ma=2592000,h3-Q043=\":443\"; ma=2592000,quic=\":443\"; ma=2592000; v=\"46,43\"","accept-ranges":"none","transfer-encoding":"chunked"}
[debug] [2020-09-07T12:39:39.059Z] >>> HTTP REQUEST GET https://cloudfunctions.googleapis.com/v1/operations/bXktYXBwLTdlODNkL2FzaWEtbm9ydGhlYXN0MS9kZWxldGVVc2VyQWNjb3VudC9ieUtNc2Y4S3R1RQ  
 
[debug] [2020-09-07T12:39:39.281Z] <<< HTTP RESPONSE 200 {"content-type":"application/json; charset=UTF-8","vary":"X-Origin, Referer, Origin,Accept-Encoding","date":"Mon, 07 Sep 2020 12:39:39 GMT","server":"ESF","cache-control":"private","x-xss-protection":"0","x-frame-options":"SAMEORIGIN","x-content-type-options":"nosniff","alt-svc":"h3-29=\":443\"; ma=2592000,h3-27=\":443\"; ma=2592000,h3-T051=\":443\"; ma=2592000,h3-T050=\":443\"; ma=2592000,h3-Q050=\":443\"; ma=2592000,h3-Q046=\":443\"; ma=2592000,h3-Q043=\":443\"; ma=2592000,quic=\":443\"; ma=2592000; v=\"46,43\"","accept-ranges":"none","transfer-encoding":"chunked"}
[debug] [2020-09-07T12:39:41.283Z] >>> HTTP REQUEST GET https://cloudfunctions.googleapis.com/v1/operations/bXktYXBwLTdlODNkL2FzaWEtbm9ydGhlYXN0MS9kZWxldGVVc2VyQWNjb3VudC9ieUtNc2Y4S3R1RQ  
 
[debug] [2020-09-07T12:39:41.508Z] <<< HTTP RESPONSE 200 {"content-type":"application/json; charset=UTF-8","vary":"X-Origin, Referer, Origin,Accept-Encoding","date":"Mon, 07 Sep 2020 12:39:41 GMT","server":"ESF","cache-control":"private","x-xss-protection":"0","x-frame-options":"SAMEORIGIN","x-content-type-options":"nosniff","alt-svc":"h3-29=\":443\"; ma=2592000,h3-27=\":443\"; ma=2592000,h3-T051=\":443\"; ma=2592000,h3-T050=\":443\"; ma=2592000,h3-Q050=\":443\"; ma=2592000,h3-Q046=\":443\"; ma=2592000,h3-Q043=\":443\"; ma=2592000,quic=\":443\"; ma=2592000; v=\"46,43\"","accept-ranges":"none","transfer-encoding":"chunked"}
[debug] [2020-09-07T12:39:43.513Z] >>> HTTP REQUEST GET https://cloudfunctions.googleapis.com/v1/operations/bXktYXBwLTdlODNkL2FzaWEtbm9ydGhlYXN0MS9kZWxldGVVc2VyQWNjb3VudC9ieUtNc2Y4S3R1RQ  
 
[debug] [2020-09-07T12:39:43.732Z] <<< HTTP RESPONSE 200 {"content-type":"application/json; charset=UTF-8","vary":"X-Origin, Referer, Origin,Accept-Encoding","date":"Mon, 07 Sep 2020 12:39:43 GMT","server":"ESF","cache-control":"private","x-xss-protection":"0","x-frame-options":"SAMEORIGIN","x-content-type-options":"nosniff","alt-svc":"h3-29=\":443\"; ma=2592000,h3-27=\":443\"; ma=2592000,h3-T051=\":443\"; ma=2592000,h3-T050=\":443\"; ma=2592000,h3-Q050=\":443\"; ma=2592000,h3-Q046=\":443\"; ma=2592000,h3-Q043=\":443\"; ma=2592000,quic=\":443\"; ma=2592000; v=\"46,43\"","accept-ranges":"none","transfer-encoding":"chunked"}
[debug] [2020-09-07T12:39:45.735Z] >>> HTTP REQUEST GET https://cloudfunctions.googleapis.com/v1/operations/bXktYXBwLTdlODNkL2FzaWEtbm9ydGhlYXN0MS9kZWxldGVVc2VyQWNjb3VudC9ieUtNc2Y4S3R1RQ  
 
[debug] [2020-09-07T12:39:45.965Z] <<< HTTP RESPONSE 200 {"content-type":"application/json; charset=UTF-8","vary":"X-Origin, Referer, Origin,Accept-Encoding","date":"Mon, 07 Sep 2020 12:39:45 GMT","server":"ESF","cache-control":"private","x-xss-protection":"0","x-frame-options":"SAMEORIGIN","x-content-type-options":"nosniff","alt-svc":"h3-29=\":443\"; ma=2592000,h3-27=\":443\"; ma=2592000,h3-T051=\":443\"; ma=2592000,h3-T050=\":443\"; ma=2592000,h3-Q050=\":443\"; ma=2592000,h3-Q046=\":443\"; ma=2592000,h3-Q043=\":443\"; ma=2592000,quic=\":443\"; ma=2592000; v=\"46,43\"","accept-ranges":"none","transfer-encoding":"chunked"}
[debug] [2020-09-07T12:39:47.966Z] >>> HTTP REQUEST GET https://cloudfunctions.googleapis.com/v1/operations/bXktYXBwLTdlODNkL2FzaWEtbm9ydGhlYXN0MS9kZWxldGVVc2VyQWNjb3VudC9ieUtNc2Y4S3R1RQ  
 
[debug] [2020-09-07T12:39:48.194Z] <<< HTTP RESPONSE 200 {"content-type":"application/json; charset=UTF-8","vary":"X-Origin, Referer, Origin,Accept-Encoding","date":"Mon, 07 Sep 2020 12:39:48 GMT","server":"ESF","cache-control":"private","x-xss-protection":"0","x-frame-options":"SAMEORIGIN","x-content-type-options":"nosniff","alt-svc":"h3-29=\":443\"; ma=2592000,h3-27=\":443\"; ma=2592000,h3-T051=\":443\"; ma=2592000,h3-T050=\":443\"; ma=2592000,h3-Q050=\":443\"; ma=2592000,h3-Q046=\":443\"; ma=2592000,h3-Q043=\":443\"; ma=2592000,quic=\":443\"; ma=2592000; v=\"46,43\"","accept-ranges":"none","transfer-encoding":"chunked"}
[debug] [2020-09-07T12:39:50.199Z] >>> HTTP REQUEST GET https://cloudfunctions.googleapis.com/v1/operations/bXktYXBwLTdlODNkL2FzaWEtbm9ydGhlYXN0MS9kZWxldGVVc2VyQWNjb3VudC9ieUtNc2Y4S3R1RQ  
 
[debug] [2020-09-07T12:39:50.423Z] <<< HTTP RESPONSE 200 {"content-type":"application/json; charset=UTF-8","vary":"X-Origin, Referer, Origin,Accept-Encoding","date":"Mon, 07 Sep 2020 12:39:50 GMT","server":"ESF","cache-control":"private","x-xss-protection":"0","x-frame-options":"SAMEORIGIN","x-content-type-options":"nosniff","alt-svc":"h3-29=\":443\"; ma=2592000,h3-27=\":443\"; ma=2592000,h3-T051=\":443\"; ma=2592000,h3-T050=\":443\"; ma=2592000,h3-Q050=\":443\"; ma=2592000,h3-Q046=\":443\"; ma=2592000,h3-Q043=\":443\"; ma=2592000,quic=\":443\"; ma=2592000; v=\"46,43\"","accept-ranges":"none","transfer-encoding":"chunked"}
[debug] [2020-09-07T12:39:52.424Z] >>> HTTP REQUEST GET https://cloudfunctions.googleapis.com/v1/operations/bXktYXBwLTdlODNkL2FzaWEtbm9ydGhlYXN0MS9kZWxldGVVc2VyQWNjb3VudC9ieUtNc2Y4S3R1RQ  
 
[debug] [2020-09-07T12:39:52.666Z] <<< HTTP RESPONSE 200 {"content-type":"application/json; charset=UTF-8","vary":"X-Origin, Referer, Origin,Accept-Encoding","date":"Mon, 07 Sep 2020 12:39:52 GMT","server":"ESF","cache-control":"private","x-xss-protection":"0","x-frame-options":"SAMEORIGIN","x-content-type-options":"nosniff","alt-svc":"h3-29=\":443\"; ma=2592000,h3-27=\":443\"; ma=2592000,h3-T051=\":443\"; ma=2592000,h3-T050=\":443\"; ma=2592000,h3-Q050=\":443\"; ma=2592000,h3-Q046=\":443\"; ma=2592000,h3-Q043=\":443\"; ma=2592000,quic=\":443\"; ma=2592000; v=\"46,43\"","accept-ranges":"none","transfer-encoding":"chunked"}
[debug] [2020-09-07T12:39:54.672Z] >>> HTTP REQUEST GET https://cloudfunctions.googleapis.com/v1/operations/bXktYXBwLTdlODNkL2FzaWEtbm9ydGhlYXN0MS9kZWxldGVVc2VyQWNjb3VudC9ieUtNc2Y4S3R1RQ  
 
[debug] [2020-09-07T12:39:55.093Z] <<< HTTP RESPONSE 200 {"content-type":"application/json; charset=UTF-8","vary":"X-Origin, Referer, Origin,Accept-Encoding","date":"Mon, 07 Sep 2020 12:39:55 GMT","server":"ESF","cache-control":"private","x-xss-protection":"0","x-frame-options":"SAMEORIGIN","x-content-type-options":"nosniff","alt-svc":"h3-29=\":443\"; ma=2592000,h3-27=\":443\"; ma=2592000,h3-T051=\":443\"; ma=2592000,h3-T050=\":443\"; ma=2592000,h3-Q050=\":443\"; ma=2592000,h3-Q046=\":443\"; ma=2592000,h3-Q043=\":443\"; ma=2592000,quic=\":443\"; ma=2592000; v=\"46,43\"","accept-ranges":"none","transfer-encoding":"chunked"}
[debug] [2020-09-07T12:39:57.099Z] >>> HTTP REQUEST GET https://cloudfunctions.googleapis.com/v1/operations/bXktYXBwLTdlODNkL2FzaWEtbm9ydGhlYXN0MS9kZWxldGVVc2VyQWNjb3VudC9ieUtNc2Y4S3R1RQ  
 
[debug] [2020-09-07T12:39:57.335Z] <<< HTTP RESPONSE 200 {"content-type":"application/json; charset=UTF-8","vary":"X-Origin, Referer, Origin,Accept-Encoding","date":"Mon, 07 Sep 2020 12:39:57 GMT","server":"ESF","cache-control":"private","x-xss-protection":"0","x-frame-options":"SAMEORIGIN","x-content-type-options":"nosniff","alt-svc":"h3-29=\":443\"; ma=2592000,h3-27=\":443\"; ma=2592000,h3-T051=\":443\"; ma=2592000,h3-T050=\":443\"; ma=2592000,h3-Q050=\":443\"; ma=2592000,h3-Q046=\":443\"; ma=2592000,h3-Q043=\":443\"; ma=2592000,quic=\":443\"; ma=2592000; v=\"46,43\"","accept-ranges":"none","transfer-encoding":"chunked"}
[debug] [2020-09-07T12:39:59.336Z] >>> HTTP REQUEST GET https://cloudfunctions.googleapis.com/v1/operations/bXktYXBwLTdlODNkL2FzaWEtbm9ydGhlYXN0MS9kZWxldGVVc2VyQWNjb3VudC9ieUtNc2Y4S3R1RQ  
 
[debug] [2020-09-07T12:39:59.562Z] <<< HTTP RESPONSE 200 {"content-type":"application/json; charset=UTF-8","vary":"X-Origin, Referer, Origin,Accept-Encoding","date":"Mon, 07 Sep 2020 12:39:59 GMT","server":"ESF","cache-control":"private","x-xss-protection":"0","x-frame-options":"SAMEORIGIN","x-content-type-options":"nosniff","alt-svc":"h3-29=\":443\"; ma=2592000,h3-27=\":443\"; ma=2592000,h3-T051=\":443\"; ma=2592000,h3-T050=\":443\"; ma=2592000,h3-Q050=\":443\"; ma=2592000,h3-Q046=\":443\"; ma=2592000,h3-Q043=\":443\"; ma=2592000,quic=\":443\"; ma=2592000; v=\"46,43\"","accept-ranges":"none","transfer-encoding":"chunked"}
[debug] [2020-09-07T12:40:01.563Z] >>> HTTP REQUEST GET https://cloudfunctions.googleapis.com/v1/operations/bXktYXBwLTdlODNkL2FzaWEtbm9ydGhlYXN0MS9kZWxldGVVc2VyQWNjb3VudC9ieUtNc2Y4S3R1RQ  
 
[debug] [2020-09-07T12:40:01.790Z] <<< HTTP RESPONSE 200 {"content-type":"application/json; charset=UTF-8","vary":"X-Origin, Referer, Origin,Accept-Encoding","date":"Mon, 07 Sep 2020 12:40:01 GMT","server":"ESF","cache-control":"private","x-xss-protection":"0","x-frame-options":"SAMEORIGIN","x-content-type-options":"nosniff","alt-svc":"h3-29=\":443\"; ma=2592000,h3-27=\":443\"; ma=2592000,h3-T051=\":443\"; ma=2592000,h3-T050=\":443\"; ma=2592000,h3-Q050=\":443\"; ma=2592000,h3-Q046=\":443\"; ma=2592000,h3-Q043=\":443\"; ma=2592000,quic=\":443\"; ma=2592000; v=\"46,43\"","accept-ranges":"none","transfer-encoding":"chunked"}
[debug] [2020-09-07T12:40:03.793Z] >>> HTTP REQUEST GET https://cloudfunctions.googleapis.com/v1/operations/bXktYXBwLTdlODNkL2FzaWEtbm9ydGhlYXN0MS9kZWxldGVVc2VyQWNjb3VudC9ieUtNc2Y4S3R1RQ  
 
[debug] [2020-09-07T12:40:04.036Z] <<< HTTP RESPONSE 200 {"content-type":"application/json; charset=UTF-8","vary":"X-Origin, Referer, Origin,Accept-Encoding","date":"Mon, 07 Sep 2020 12:40:04 GMT","server":"ESF","cache-control":"private","x-xss-protection":"0","x-frame-options":"SAMEORIGIN","x-content-type-options":"nosniff","alt-svc":"h3-29=\":443\"; ma=2592000,h3-27=\":443\"; ma=2592000,h3-T051=\":443\"; ma=2592000,h3-T050=\":443\"; ma=2592000,h3-Q050=\":443\"; ma=2592000,h3-Q046=\":443\"; ma=2592000,h3-Q043=\":443\"; ma=2592000,quic=\":443\"; ma=2592000; v=\"46,43\"","accept-ranges":"none","transfer-encoding":"chunked"}
[debug] [2020-09-07T12:40:06.040Z] >>> HTTP REQUEST GET https://cloudfunctions.googleapis.com/v1/operations/bXktYXBwLTdlODNkL2FzaWEtbm9ydGhlYXN0MS9kZWxldGVVc2VyQWNjb3VudC9ieUtNc2Y4S3R1RQ  
 
[debug] [2020-09-07T12:40:06.274Z] <<< HTTP RESPONSE 200 {"content-type":"application/json; charset=UTF-8","vary":"X-Origin, Referer, Origin,Accept-Encoding","date":"Mon, 07 Sep 2020 12:40:06 GMT","server":"ESF","cache-control":"private","x-xss-protection":"0","x-frame-options":"SAMEORIGIN","x-content-type-options":"nosniff","alt-svc":"h3-29=\":443\"; ma=2592000,h3-27=\":443\"; ma=2592000,h3-T051=\":443\"; ma=2592000,h3-T050=\":443\"; ma=2592000,h3-Q050=\":443\"; ma=2592000,h3-Q046=\":443\"; ma=2592000,h3-Q043=\":443\"; ma=2592000,quic=\":443\"; ma=2592000; v=\"46,43\"","accept-ranges":"none","transfer-encoding":"chunked"}
[debug] [2020-09-07T12:40:08.278Z] >>> HTTP REQUEST GET https://cloudfunctions.googleapis.com/v1/operations/bXktYXBwLTdlODNkL2FzaWEtbm9ydGhlYXN0MS9kZWxldGVVc2VyQWNjb3VudC9ieUtNc2Y4S3R1RQ  
 
[debug] [2020-09-07T12:40:08.509Z] <<< HTTP RESPONSE 200 {"content-type":"application/json; charset=UTF-8","vary":"X-Origin, Referer, Origin,Accept-Encoding","date":"Mon, 07 Sep 2020 12:40:08 GMT","server":"ESF","cache-control":"private","x-xss-protection":"0","x-frame-options":"SAMEORIGIN","x-content-type-options":"nosniff","alt-svc":"h3-29=\":443\"; ma=2592000,h3-27=\":443\"; ma=2592000,h3-T051=\":443\"; ma=2592000,h3-T050=\":443\"; ma=2592000,h3-Q050=\":443\"; ma=2592000,h3-Q046=\":443\"; ma=2592000,h3-Q043=\":443\"; ma=2592000,quic=\":443\"; ma=2592000; v=\"46,43\"","accept-ranges":"none","transfer-encoding":"chunked"}
